2019-06-14 00:50:38 INFO  root:16 - Max element of array equals 8.5
2019-06-14 00:50:38 INFO  root:17 - Min element of array equals 0.5
2019-06-14 00:50:38 INFO  root:18 - The arithmetic mean of elements of array equals 3.2500000000000004
2019-06-14 00:50:38 INFO  root:19 - The geometric mean of elements of array equals 2.39447611917968
2019-06-14 00:50:38 INFO  root:20 - The array elements form an increasing sequence - false
2019-06-14 00:50:38 INFO  root:21 - The array elements form an decreasing sequence - false
2019-06-14 00:50:38 INFO  root:22 - The index of the first local maximum equals 0
2019-06-14 00:50:38 INFO  root:23 - The index of the first local minimum equals 1
2019-06-14 00:50:38 INFO  root:24 - The index of the searched element equals -2
2019-06-14 00:50:38 INFO  root:25 - The index of the searched element equals 4
2019-06-14 00:50:38 INFO  root:27 - The elements of original array:  2.1 1.1 3.9 3.2 8.5 4.9 0.5 1.8
2019-06-14 00:50:38 INFO  root:29 - The elements of reverse array:  1.8 0.5 4.9 8.5 3.2 3.9 1.1 2.1
2019-06-14 00:50:38 INFO  root:31 - The elements of the array before sorting:  1.8 0.5 4.9 8.5 3.2 3.9 1.1 2.1
2019-06-14 00:50:38 INFO  root:33 - The elements of the array after bubble sort (asc):  0.5 1.1 1.8 2.1 3.2 3.9 4.9 8.5
2019-06-14 00:50:38 INFO  root:35 - The elements of the array before sorting:  0.5 1.1 1.8 2.1 3.2 3.9 4.9 8.5
2019-06-14 00:50:38 INFO  root:37 - The elements of the array after bubble sort (des):  8.5 4.9 3.9 3.2 2.1 1.8 1.1 0.5
2019-06-14 00:50:38 INFO  root:39 - The elements of the array before sorting:  8.5 4.9 3.9 3.2 2.1 1.8 1.1 0.5
2019-06-14 00:50:38 INFO  root:41 - The elements of the array after sort by insertion (asc):  0.5 1.1 1.8 2.1 3.2 3.9 4.9 8.5
2019-06-14 00:50:38 INFO  root:43 - The elements of the array before sorting:  0.5 1.1 1.8 2.1 3.2 3.9 4.9 8.5
2019-06-14 00:50:38 INFO  root:45 - The elements of the array after sort by insertion (dec):  8.5 4.9 3.9 3.2 2.1 1.8 1.1 0.5
2019-06-14 00:50:38 INFO  root:47 - The elements of the array before sorting:  8.5 4.9 3.9 3.2 2.1 1.8 1.1 0.5
2019-06-14 00:50:38 INFO  root:49 - The elements of the array after sort by selection (asc):  0.5 1.1 1.8 2.1 3.2 3.9 4.9 8.5
2019-06-14 00:50:38 INFO  root:51 - The elements of the array before sorting:  0.5 1.1 1.8 2.1 3.2 3.9 4.9 8.5
2019-06-14 00:50:38 INFO  root:53 - The elements of the array after sort by selection (dec):  8.5 4.9 3.9 3.2 2.1 1.8 1.1 0.5
2019-06-14 00:50:38 INFO  root:55 - The elements of the array before sorting:  8.5 4.9 3.9 3.2 2.1 1.8 1.1 0.5
2019-06-14 00:50:38 INFO  root:57 - The elements of the array after merge sort:  0.5 1.1 1.8 2.1 3.2 3.9 4.9 8.5
2019-06-14 00:50:38 INFO  root:59 - The elements of the array before sorting:  0.5 1.1 1.8 2.1 3.2 3.9 4.9 8.5
2019-06-14 00:50:38 INFO  root:61 - The elements of the array after quick sort:  0.5 1.1 1.8 2.1 3.2 3.9 4.9 8.5
2019-06-14 00:51:40 WARN  root:27 - The array is not defined
2019-06-14 00:51:40 WARN  root:27 - The array is not defined
2019-06-14 00:51:40 WARN  root:213 - The array is not sorted
2019-06-14 00:52:14 INFO  root:18 - Max element of matrix equals 808.3
2019-06-14 00:52:14 INFO  root:19 - Min element of matrix equals 0.2
2019-06-14 00:52:14 INFO  root:21 - The first local maximum equals [1, 2]
2019-06-14 00:52:14 INFO  root:22 - The first local minimum equals [1, 1]
2019-06-14 00:52:14 INFO  root:24 - The matrix is symmetric with respect to the main diagonal true
2019-06-14 00:52:14 INFO  root:25 - The matrix is symmetric with respect to the side diagonal true
2019-06-14 00:52:14 INFO  root:27 - Matrix elements before transposition: 
 1.0 2.0 3.0 4.0
 5.0 6.0 7.0 8.0
 9.0 10.0 11.0 12.0
 13.0 14.0 15.0 16.0

2019-06-14 00:52:14 INFO  root:29 - Matrix elements after transposition: 
 1.0 5.0 9.0 13.0
 2.0 6.0 10.0 14.0
 3.0 7.0 11.0 15.0
 4.0 8.0 12.0 16.0

2019-06-14 00:52:22 WARN  root:107 - The matrix is not defined
2019-06-14 00:52:22 WARN  root:149 - The matrix is not defined or the matrix is not square
2019-06-14 00:52:22 WARN  root:67 - The matrix is not defined or the matrix is not square
2019-06-14 00:52:22 WARN  root:67 - The matrix is not defined or the matrix is not square
2019-06-14 00:52:22 WARN  root:25 - The matrix is not defined
2019-06-14 00:52:22 WARN  root:87 - The matrix is not defined or the matrix is not square
2019-06-14 00:52:22 WARN  root:128 - The matrix is not defined
